BUILD: [00:0000000000:PROGC ] Build started with parameters:
BUILD: [00:0000000000:PROGC ] Build started in directory: C:\WINCE800\platform\rrm_ppc_windows\SRC\DRIVERS\PM\PDD
BUILD: [00:0000000000:PROGC ] Running passes WCEFILES0, MIDL, MC, ASN, THUNK, RUN_WPP, XRPACK, PRECOMPHEADER, COMPILE, RENUMBERICONIDS, RES2RES, LIB, EXPLIB, LINK, LOCALIZE, MANAGEDRESX, MANAGEDMOD, MANAGEDDLL, MANAGEDEXE, MANAGEDWIN, POSTBUILD for ARM.
BUILD: [00:0000000000:PROGC ] Loading database "C:\wince800\platform\rrm_ppc_windows\BuildARMV7retail.dat".
BUILD: [00:0000000047:PROGC ] Done.
BUILD: [00:0000000047:PROGC ] Computing include file dependencies:
BUILD: [01:0000000218:PROGC ] Scan C:\wince800\platform\rrm_ppc_windows\src\drivers\pm\pdd\
BUILD: [00:0000001154:PROGC ] Directory scanning complete.
BUILD: [00:0000001154:PROGC ] Saving C:\wince800\platform\rrm_ppc_windows\BuildARMV7retail.dat.
BUILD: [00:0000001154:PROGC ] Saving Master Database complete.
BUILD: [00:0000001154:PROGC ] Starting WCEFILES0 Pass.
BUILD: [00:0000001154:PROGC ] Analyzing project dependency information for pass WCEFILES0.
BUILD: [00:0000001170:PROGC ] Starting MIDL Pass.
BUILD: [00:0000001170:PROGC ] Analyzing project dependency information for pass MIDL.
BUILD: [00:0000001170:PROGC ] Starting MC Pass.
BUILD: [00:0000001170:PROGC ] Analyzing project dependency information for pass MC.
BUILD: [00:0000001170:PROGC ] Starting ASN Pass.
BUILD: [00:0000001170:PROGC ] Analyzing project dependency information for pass ASN.
BUILD: [00:0000001170:PROGC ] Starting THUNK Pass.
BUILD: [00:0000001170:PROGC ] Analyzing project dependency information for pass THUNK.
BUILD: [00:0000001170:PROGC ] Starting RUN_WPP Pass.
BUILD: [00:0000001170:PROGC ] Analyzing project dependency information for pass RUN_WPP.
BUILD: [00:0000001170:PROGC ] Starting XRPACK Pass.
BUILD: [00:0000001170:PROGC ] Analyzing project dependency information for pass XRPACK.
BUILD: [00:0000001170:PROGC ] Starting PRECOMPHEADER Pass.
BUILD: [00:0000001170:PROGC ] Analyzing project dependency information for pass PRECOMPHEADER.
BUILD: [00:0000001170:PROGC ] Starting COMPILE Pass.
BUILD: [00:0000001170:PROGC ] Analyzing project dependency information for pass COMPILE.
BUILD: [00:0000001248:PROGC ] Starting RENUMBERICONIDS Pass.
BUILD: [00:0000001248:PROGC ] Analyzing project dependency information for pass RENUMBERICONIDS.
BUILD: [00:0000001248:PROGC ] Starting RES2RES Pass.
BUILD: [00:0000001248:PROGC ] Analyzing project dependency information for pass RES2RES.
BUILD: [00:0000001248:PROGC ] Starting LIB Pass.
BUILD: [00:0000001248:PROGC ] Analyzing project dependency information for pass LIB.
BUILD: [00:0000001248:PROGC ] Starting EXPLIB Pass.
BUILD: [00:0000001248:PROGC ] Analyzing project dependency information for pass EXPLIB.
BUILD: [00:0000001451:PROGC ] Building EXPLIB Pass in C:\wince800\platform\rrm_ppc_windows\src\drivers\pm\pdd\ directory.
BUILD: [01:0000001576:PROGC ] Linking C:\WINCE800\osdesigns\rrm_ppc_windows\rrm_ppc_windows\Wince800\rrm_ppc_windows_ARMV7_Retail\cesysgen\platform\rrm_ppc_windows\lib\ARMV7\retail\pm.lib
BUILD: [00:0000002106:PROGC ] Starting LINK Pass.
BUILD: [00:0000002106:PROGC ] Analyzing project dependency information for pass LINK.
BUILD: [00:0000002215:PROGC ] Building LINK Pass in C:\wince800\platform\rrm_ppc_windows\src\drivers\pm\pdd\ directory.
BUILD: [01:0000002340:PROGC ] Linking C:\WINCE800\osdesigns\rrm_ppc_windows\rrm_ppc_windows\Wince800\rrm_ppc_windows_ARMV7_Retail\cesysgen\platform\rrm_ppc_windows\target\ARMV7\retail\pm.dll
BUILD: [01:0000004212:PROGC ] Warning(s) in directory "C:\wince800\platform\rrm_ppc_windows\src\drivers\pm\pdd\".
BUILD: [01:0000004212:WARNN ] pm_mdd_lib.lib(sqmproxy.obj) : warning LNK4099: PDB 'sqmproxy.pdb' was not found with 'pm_mdd_lib.lib(sqmproxy.obj)' or at 'C:\WINCE800\osdesigns\rrm_ppc_windows\rrm_ppc_windows\Wince800\rrm_ppc_windows_ARMV7_Retail\cesysgen\platform\rrm_ppc_windows\target\ARMV7\retail\sqmproxy.pdb'; linking object as if no debug info {log="C:\WINCE800\platform\rrm_ppc_windows\SRC\DRIVERS\PM\PDD\bldsys.log(45)"}
BUILD: [00:0000005117:PROGC ] Starting LOCALIZE Pass.
BUILD: [00:0000005117:PROGC ] Analyzing project dependency information for pass LOCALIZE.
BUILD: [00:0000005132:PROGC ] Starting MANAGEDRESX Pass.
BUILD: [00:0000005132:PROGC ] Analyzing project dependency information for pass MANAGEDRESX.
BUILD: [00:0000005132:PROGC ] Starting MANAGEDMOD Pass.
BUILD: [00:0000005132:PROGC ] Analyzing project dependency information for pass MANAGEDMOD.
BUILD: [00:0000005132:PROGC ] Starting MANAGEDDLL Pass.
BUILD: [00:0000005132:PROGC ] Analyzing project dependency information for pass MANAGEDDLL.
BUILD: [00:0000005132:PROGC ] Starting MANAGEDEXE Pass.
BUILD: [00:0000005132:PROGC ] Analyzing project dependency information for pass MANAGEDEXE.
BUILD: [00:0000005132:PROGC ] Starting MANAGEDWIN Pass.
BUILD: [00:0000005132:PROGC ] Analyzing project dependency information for pass MANAGEDWIN.
BUILD: [00:0000005132:PROGC ] Starting POSTBUILD Pass.
BUILD: [00:0000005132:PROGC ] Analyzing project dependency information for pass POSTBUILD.
BUILD: [00:0000005132:PROGC ] Saving C:\wince800\platform\rrm_ppc_windows\BuildARMV7retail.dat.
BUILD: [00:0000005132:PROGC ] Done.
BUILD: [00:0000005132:PROGC ]                        Files  Warnings  Errors
BUILD: [00:0000005132:PROGC ] Midl                       0         0       0
BUILD: [00:0000005132:PROGC ] Message                    0         0       0
BUILD: [00:0000005132:PROGC ] Precomp Header             0         0       0
BUILD: [00:0000005132:PROGC ] Resource                   0         0       0
BUILD: [00:0000005132:PROGC ] XRPack                     0         0       0
BUILD: [00:0000005132:PROGC ] MASM                       0         0       0
BUILD: [00:0000005132:PROGC ] SHASM                      0         0       0
BUILD: [00:0000005132:PROGC ] ARMASM                     0         0       0
BUILD: [00:0000005132:PROGC ] C++                        0         0       0
BUILD: [00:0000005132:PROGC ] C                          0         0       0
BUILD: [00:0000005132:PROGC ] CheckLibs                  0         0       0
BUILD: [00:0000005132:PROGC ] Static Libraries           0         0       0
BUILD: [00:0000005132:PROGC ] Exe's                      0         0       0
BUILD: [00:0000005132:PROGC ] Dll's                      2         1       0
BUILD: [00:0000005132:PROGC ] Preprocess deffile         0         0       0
BUILD: [00:0000005132:PROGC ] Resx                       0         0       0
BUILD: [00:0000005132:PROGC ] CSharp Compile             0         0       0
BUILD: [00:0000005132:PROGC ] VCProj Compile             0         0       0
BUILD: [00:0000005132:PROGC ] NETCF Build                0         0       0
BUILD: [00:0000005132:PROGC ] Localization               0         0       0
BUILD: [00:0000005132:PROGC ] Other                      0         0       0
BUILD: [00:0000005132:PROGC ] 
BUILD: [00:0000005132:PROGC ] Total                      2         1       0
BUILD: [00:0000005132:PROGC ] 
BUILD: [00:0000005132:PROGC ] 1 Warnings,  0 Errors
BUILD: [00:0000005132:PROGC ] GetSystemTimes (seconds): Idle: 15    Kernel: 17    User: 3    
BUILD: [00:0000005132:PROGC ] Elapsed  time  (seconds): 5    
