BUILD: [Thread:SystemTickCount:Type  ] Message
BUILD: [00:0000000000:PROGC ] Build started with parameters:
BUILD: [00:0000000000:PROGC ] Build started in directory: C:\WINCE800\platform\rrm_ppc_windows\SRC\DRIVERS\PM\MDD
BUILD: [00:0000000000:PROGC ] Running passes WCEFILES0, MIDL, MC, ASN, THUNK, RUN_WPP, XRPACK, PRECOMPHEADER, COMPILE, RENUMBERICONIDS, RES2RES, LIB, EXPLIB, LINK, LOCALIZE, MANAGEDRESX, MANAGEDMOD, MANAGEDDLL, MANAGEDEXE, MANAGEDWIN, POSTBUILD for ARM.
BUILD: [00:0000000000:PROGC ] Loading database "C:\wince800\platform\rrm_ppc_windows\BuildARMV7retail.dat".
BUILD: [00:0000000031:PROGC ] Done.
BUILD: [00:0000000031:PROGC ] Computing include file dependencies:
BUILD: [01:0000000031:PROGC ] Scan C:\wince800\platform\rrm_ppc_windows\src\drivers\pm\mdd\
BUILD: [00:0000000405:PROGC ] Directory scanning complete.
BUILD: [00:0000000405:PROGC ] Saving C:\wince800\platform\rrm_ppc_windows\BuildARMV7retail.dat.
BUILD: [00:0000000405:PROGC ] Saving Master Database complete.
BUILD: [00:0000000405:PROGC ] Starting WCEFILES0 Pass.
BUILD: [00:0000000405:PROGC ] Analyzing project dependency information for pass WCEFILES0.
BUILD: [00:0000000405:PROGC ] Starting MIDL Pass.
BUILD: [00:0000000405:PROGC ] Analyzing project dependency information for pass MIDL.
BUILD: [00:0000000405:PROGC ] Starting MC Pass.
BUILD: [00:0000000405:PROGC ] Analyzing project dependency information for pass MC.
BUILD: [00:0000000405:PROGC ] Starting ASN Pass.
BUILD: [00:0000000405:PROGC ] Analyzing project dependency information for pass ASN.
BUILD: [00:0000000405:PROGC ] Starting THUNK Pass.
BUILD: [00:0000000405:PROGC ] Analyzing project dependency information for pass THUNK.
BUILD: [00:0000000405:PROGC ] Starting RUN_WPP Pass.
BUILD: [00:0000000405:PROGC ] Analyzing project dependency information for pass RUN_WPP.
BUILD: [00:0000000405:PROGC ] Starting XRPACK Pass.
BUILD: [00:0000000405:PROGC ] Analyzing project dependency information for pass XRPACK.
BUILD: [00:0000000405:PROGC ] Starting PRECOMPHEADER Pass.
BUILD: [00:0000000405:PROGC ] Analyzing project dependency information for pass PRECOMPHEADER.
BUILD: [00:0000000405:PROGC ] Starting COMPILE Pass.
BUILD: [00:0000000405:PROGC ] Analyzing project dependency information for pass COMPILE.
BUILD: [00:0000000452:PROGC ] Building COMPILE Pass in C:\wince800\platform\rrm_ppc_windows\src\drivers\pm\mdd\ directory.
BUILD: [01:0000000561:PROGC ] Compiling .\pmsysstate.cpp
BUILD: [00:0000001622:PROGC ] Starting RENUMBERICONIDS Pass.
BUILD: [00:0000001622:PROGC ] Analyzing project dependency information for pass RENUMBERICONIDS.
BUILD: [00:0000001622:PROGC ] Starting RES2RES Pass.
BUILD: [00:0000001622:PROGC ] Analyzing project dependency information for pass RES2RES.
BUILD: [00:0000001622:PROGC ] Starting LIB Pass.
BUILD: [00:0000001622:PROGC ] Analyzing project dependency information for pass LIB.
BUILD: [00:0000002059:PROGC ] Building LIB Pass in C:\wince800\platform\rrm_ppc_windows\src\drivers\pm\mdd\ directory.
BUILD: [01:0000002215:PROGC ] Linking C:\WINCE800\osdesigns\rrm_ppc_windows\rrm_ppc_windows\Wince800\rrm_ppc_windows_ARMV7_Retail\cesysgen\platform\rrm_ppc_windows\lib\ARMV7\retail\pm_mdd_lib.lib
BUILD: [00:0000002418:PROGC ] Starting EXPLIB Pass.
BUILD: [00:0000002418:PROGC ] Analyzing project dependency information for pass EXPLIB.
BUILD: [00:0000002418:PROGC ] Starting LINK Pass.
BUILD: [00:0000002418:PROGC ] Analyzing project dependency information for pass LINK.
BUILD: [00:0000002418:PROGC ] Starting LOCALIZE Pass.
BUILD: [00:0000002418:PROGC ] Analyzing project dependency information for pass LOCALIZE.
BUILD: [00:0000002418:PROGC ] Starting MANAGEDRESX Pass.
BUILD: [00:0000002418:PROGC ] Analyzing project dependency information for pass MANAGEDRESX.
BUILD: [00:0000002418:PROGC ] Starting MANAGEDMOD Pass.
BUILD: [00:0000002418:PROGC ] Analyzing project dependency information for pass MANAGEDMOD.
BUILD: [00:0000002433:PROGC ] Starting MANAGEDDLL Pass.
BUILD: [00:0000002433:PROGC ] Analyzing project dependency information for pass MANAGEDDLL.
BUILD: [00:0000002433:PROGC ] Starting MANAGEDEXE Pass.
BUILD: [00:0000002433:PROGC ] Analyzing project dependency information for pass MANAGEDEXE.
BUILD: [00:0000002433:PROGC ] Starting MANAGEDWIN Pass.
BUILD: [00:0000002433:PROGC ] Analyzing project dependency information for pass MANAGEDWIN.
BUILD: [00:0000002433:PROGC ] Starting POSTBUILD Pass.
BUILD: [00:0000002433:PROGC ] Analyzing project dependency information for pass POSTBUILD.
BUILD: [00:0000002433:PROGC ] Saving C:\wince800\platform\rrm_ppc_windows\BuildARMV7retail.dat.
BUILD: [00:0000002433:PROGC ] Done.
BUILD: [00:0000002433:PROGC ]                        Files  Warnings  Errors
BUILD: [00:0000002433:PROGC ] Midl                       0         0       0
BUILD: [00:0000002433:PROGC ] Message                    0         0       0
BUILD: [00:0000002433:PROGC ] Precomp Header             0         0       0
BUILD: [00:0000002433:PROGC ] Resource                   0         0       0
BUILD: [00:0000002433:PROGC ] XRPack                     0         0       0
BUILD: [00:0000002433:PROGC ] MASM                       0         0       0
BUILD: [00:0000002433:PROGC ] SHASM                      0         0       0
BUILD: [00:0000002433:PROGC ] ARMASM                     0         0       0
BUILD: [00:0000002433:PROGC ] C++                        1         0       0
BUILD: [00:0000002433:PROGC ] C                          0         0       0
BUILD: [00:0000002433:PROGC ] CheckLibs                  0         0       0
BUILD: [00:0000002433:PROGC ] Static Libraries           1         0       0
BUILD: [00:0000002433:PROGC ] Exe's                      0         0       0
BUILD: [00:0000002433:PROGC ] Dll's                      0         0       0
BUILD: [00:0000002433:PROGC ] Preprocess deffile         0         0       0
BUILD: [00:0000002433:PROGC ] Resx                       0         0       0
BUILD: [00:0000002433:PROGC ] CSharp Compile             0         0       0
BUILD: [00:0000002433:PROGC ] VCProj Compile             0         0       0
BUILD: [00:0000002433:PROGC ] NETCF Build                0         0       0
BUILD: [00:0000002433:PROGC ] Localization               0         0       0
BUILD: [00:0000002433:PROGC ] Other                      0         0       0
BUILD: [00:0000002433:PROGC ] 
BUILD: [00:0000002433:PROGC ] Total                      2         0       0
BUILD: [00:0000002433:PROGC ] 
BUILD: [00:0000002433:PROGC ] 0 Warnings,  0 Errors
BUILD: [00:0000002433:PROGC ] GetSystemTimes (seconds): Idle: 5     Kernel: 7     User: 2    
BUILD: [00:0000002433:PROGC ] Elapsed  time  (seconds): 2    
Build for Windows CE (Release 800) (Built on Apr  2 2013 01:37:43)
File names: Build.log Build.wrn Build.err BuildARMV7retail.dat
